gcc-9.3.0 loaded successful
####################
NUM_NEURONS=1,NUM_SAMPLES=1

  0%|          | 0/100 [00:00<?, ?it/s]
  1%|          | 1/100 [00:02<04:56,  3.00s/it]
  2%|▏         | 2/100 [00:03<02:58,  1.82s/it]
  3%|▎         | 3/100 [00:04<02:19,  1.43s/it]
  4%|▍         | 4/100 [00:05<02:00,  1.25s/it]
  5%|▌         | 5/100 [00:06<01:49,  1.15s/it]
  6%|▌         | 6/100 [00:07<01:42,  1.09s/it]
  7%|▋         | 7/100 [00:08<01:37,  1.05s/it]
  8%|▊         | 8/100 [00:09<01:34,  1.02s/it]
  9%|▉         | 9/100 [00:10<01:31,  1.00s/it]
 10%|█         | 10/100 [00:11<01:29,  1.00it/s]
 11%|█         | 11/100 [00:12<01:27,  1.01it/s]
 12%|█▏        | 12/100 [00:13<01:26,  1.02it/s]
 13%|█▎        | 13/100 [00:14<01:25,  1.02it/s]
 14%|█▍        | 14/100 [00:15<01:24,  1.01it/s]
 15%|█▌        | 15/100 [00:16<01:24,  1.01it/s]
 16%|█▌        | 16/100 [00:17<01:23,  1.01it/s]
 17%|█▋        | 17/100 [00:18<01:22,  1.01it/s]
 18%|█▊        | 18/100 [00:19<01:21,  1.01it/s]
 19%|█▉        | 19/100 [00:20<01:20,  1.01it/s]
 20%|██        | 20/100 [00:21<01:19,  1.01it/s]
 21%|██        | 21/100 [00:22<01:18,  1.01it/s]
 22%|██▏       | 22/100 [00:23<01:17,  1.01it/s]
 23%|██▎       | 23/100 [00:24<01:16,  1.01it/s]
 24%|██▍       | 24/100 [00:25<01:15,  1.01it/s]
 25%|██▌       | 25/100 [00:26<01:14,  1.01it/s]
 26%|██▌       | 26/100 [00:27<01:13,  1.00it/s]
 27%|██▋       | 27/100 [00:28<01:12,  1.01it/s]
 28%|██▊       | 28/100 [00:29<01:11,  1.01it/s]
 29%|██▉       | 29/100 [00:30<01:10,  1.01it/s]
 30%|███       | 30/100 [00:31<01:09,  1.01it/s]
 31%|███       | 31/100 [00:32<01:08,  1.01it/s]
 32%|███▏      | 32/100 [00:33<01:07,  1.01it/s]
 33%|███▎      | 33/100 [00:34<01:06,  1.01it/s]
 34%|███▍      | 34/100 [00:35<01:05,  1.01it/s]
 35%|███▌      | 35/100 [00:36<01:04,  1.01it/s]
 36%|███▌      | 36/100 [00:37<01:03,  1.01it/s]
 37%|███▋      | 37/100 [00:38<01:02,  1.02it/s]
 38%|███▊      | 38/100 [00:39<01:01,  1.01it/s]
 39%|███▉      | 39/100 [00:40<01:00,  1.02it/s]
 40%|████      | 40/100 [00:41<00:59,  1.01it/s]
 41%|████      | 41/100 [00:42<00:58,  1.02it/s]
 42%|████▏     | 42/100 [00:43<00:57,  1.01it/s]
 43%|████▎     | 43/100 [00:44<00:56,  1.02it/s]
 44%|████▍     | 44/100 [00:45<00:55,  1.01it/s]
 45%|████▌     | 45/100 [00:46<00:54,  1.01it/s]
 46%|████▌     | 46/100 [00:47<00:53,  1.01it/s]
 47%|████▋     | 47/100 [00:48<00:52,  1.01it/s]
 48%|████▊     | 48/100 [00:49<00:51,  1.01it/s]
 49%|████▉     | 49/100 [00:50<00:50,  1.01it/s]
 50%|█████     | 50/100 [00:51<00:50,  1.00s/it]
 51%|█████     | 51/100 [00:52<00:48,  1.01it/s]
 52%|█████▏    | 52/100 [00:53<00:47,  1.01it/s]
 53%|█████▎    | 53/100 [00:54<00:46,  1.01it/s]
 54%|█████▍    | 54/100 [00:55<00:45,  1.01it/s]
 55%|█████▌    | 55/100 [00:56<00:44,  1.01it/s]
 56%|█████▌    | 56/100 [00:57<00:43,  1.01it/s]
 57%|█████▋    | 57/100 [00:58<00:42,  1.01it/s]
 58%|█████▊    | 58/100 [00:59<00:41,  1.01it/s]
 59%|█████▉    | 59/100 [01:00<00:40,  1.02it/s]
 60%|██████    | 60/100 [01:01<00:39,  1.01it/s]
 61%|██████    | 61/100 [01:02<00:38,  1.02it/s]
 62%|██████▏   | 62/100 [01:03<00:37,  1.01it/s]
 63%|██████▎   | 63/100 [01:04<00:36,  1.02it/s]
 64%|██████▍   | 64/100 [01:05<00:35,  1.02it/s]
 65%|██████▌   | 65/100 [01:06<00:34,  1.02it/s]
 66%|██████▌   | 66/100 [01:07<00:33,  1.01it/s]
 67%|██████▋   | 67/100 [01:08<00:32,  1.01it/s]
 68%|██████▊   | 68/100 [01:09<00:31,  1.01it/s]
 69%|██████▉   | 69/100 [01:10<00:30,  1.01it/s]
 70%|███████   | 70/100 [01:11<00:29,  1.01it/s]
 71%|███████   | 71/100 [01:12<00:28,  1.01it/s]
 72%|███████▏  | 72/100 [01:13<00:27,  1.01it/s]
 73%|███████▎  | 73/100 [01:14<00:26,  1.01it/s]
 74%|███████▍  | 74/100 [01:15<00:25,  1.01it/s]
 75%|███████▌  | 75/100 [01:16<00:24,  1.00it/s]
 76%|███████▌  | 76/100 [01:17<00:23,  1.00it/s]
 77%|███████▋  | 77/100 [01:18<00:22,  1.01it/s]
 78%|███████▊  | 78/100 [01:19<00:21,  1.00it/s]
 79%|███████▉  | 79/100 [01:20<00:20,  1.01it/s]
 80%|████████  | 80/100 [01:21<00:19,  1.00it/s]
 81%|████████  | 81/100 [01:22<00:18,  1.00it/s]
 82%|████████▏ | 82/100 [01:23<00:17,  1.00it/s]
 83%|████████▎ | 83/100 [01:24<00:16,  1.01it/s]
 84%|████████▍ | 84/100 [01:25<00:15,  1.01it/s]
 85%|████████▌ | 85/100 [01:25<00:14,  1.01it/s]
 86%|████████▌ | 86/100 [01:26<00:13,  1.01it/s]
 87%|████████▋ | 87/100 [01:27<00:12,  1.01it/s]
 88%|████████▊ | 88/100 [01:28<00:11,  1.01it/s]
 89%|████████▉ | 89/100 [01:29<00:10,  1.02it/s]
 90%|█████████ | 90/100 [01:30<00:09,  1.02it/s]
 91%|█████████ | 91/100 [01:31<00:08,  1.01it/s]
 92%|█████████▏| 92/100 [01:32<00:07,  1.00it/s]
 93%|█████████▎| 93/100 [01:33<00:06,  1.01it/s]
 94%|█████████▍| 94/100 [01:34<00:05,  1.00it/s]
 95%|█████████▌| 95/100 [01:35<00:04,  1.00it/s]
 96%|█████████▌| 96/100 [01:36<00:03,  1.00it/s]
 97%|█████████▋| 97/100 [01:37<00:02,  1.01it/s]
 98%|█████████▊| 98/100 [01:38<00:01,  1.00it/s]
 99%|█████████▉| 99/100 [01:39<00:00,  1.00it/s]
100%|██████████| 100/100 [01:40<00:00,  1.00s/it]
100%|██████████| 100/100 [01:40<00:00,  1.01s/it]
Average VOI segneuro2D = 0.5357
Average VOI SAM = 0.5381
####################
NUM_NEURONS=2,NUM_SAMPLES=1

  0%|          | 0/100 [00:00<?, ?it/s]
  1%|          | 1/100 [00:03<05:02,  3.05s/it]
  2%|▏         | 2/100 [00:04<03:07,  1.91s/it]
  3%|▎         | 3/100 [00:05<02:30,  1.55s/it]
  4%|▍         | 4/100 [00:06<02:12,  1.38s/it]
  5%|▌         | 5/100 [00:07<02:02,  1.29s/it]
  6%|▌         | 6/100 [00:08<01:55,  1.23s/it]
  7%|▋         | 7/100 [00:09<01:51,  1.20s/it]
  8%|▊         | 8/100 [00:10<01:48,  1.18s/it]
  9%|▉         | 9/100 [00:12<01:45,  1.16s/it]
 10%|█         | 10/100 [00:13<01:43,  1.15s/it]
 11%|█         | 11/100 [00:14<01:41,  1.14s/it]
 12%|█▏        | 12/100 [00:15<01:39,  1.13s/it]
 13%|█▎        | 13/100 [00:16<01:38,  1.13s/it]
 14%|█▍        | 14/100 [00:17<01:36,  1.12s/it]
 15%|█▌        | 15/100 [00:18<01:35,  1.13s/it]
 16%|█▌        | 16/100 [00:19<01:34,  1.12s/it]
 17%|█▋        | 17/100 [00:21<01:33,  1.12s/it]
 18%|█▊        | 18/100 [00:22<01:32,  1.12s/it]
 19%|█▉        | 19/100 [00:23<01:30,  1.12s/it]
 20%|██        | 20/100 [00:24<01:29,  1.12s/it]
 21%|██        | 21/100 [00:25<01:29,  1.13s/it]
 22%|██▏       | 22/100 [00:26<01:28,  1.13s/it]
 23%|██▎       | 23/100 [00:27<01:26,  1.13s/it]
 24%|██▍       | 24/100 [00:28<01:25,  1.13s/it]
 25%|██▌       | 25/100 [00:30<01:24,  1.13s/it]
 26%|██▌       | 26/100 [00:31<01:23,  1.13s/it]
 27%|██▋       | 27/100 [00:32<01:22,  1.13s/it]
 28%|██▊       | 28/100 [00:33<01:21,  1.13s/it]
 29%|██▉       | 29/100 [00:34<01:19,  1.13s/it]
 30%|███       | 30/100 [00:35<01:18,  1.13s/it]
 31%|███       | 31/100 [00:36<01:17,  1.13s/it]
 32%|███▏      | 32/100 [00:37<01:16,  1.13s/it]
 33%|███▎      | 33/100 [00:39<01:15,  1.13s/it]
 34%|███▍      | 34/100 [00:40<01:14,  1.12s/it]
 35%|███▌      | 35/100 [00:41<01:13,  1.12s/it]
 36%|███▌      | 36/100 [00:42<01:12,  1.13s/it]
 37%|███▋      | 37/100 [00:43<01:10,  1.13s/it]
 38%|███▊      | 38/100 [00:44<01:09,  1.13s/it]
 39%|███▉      | 39/100 [00:45<01:08,  1.12s/it]
 40%|████      | 40/100 [00:46<01:07,  1.12s/it]
 41%|████      | 41/100 [00:48<01:06,  1.12s/it]
 42%|████▏     | 42/100 [00:49<01:05,  1.12s/it]
 43%|████▎     | 43/100 [00:50<01:04,  1.13s/it]
 44%|████▍     | 44/100 [00:51<01:03,  1.13s/it]
 45%|████▌     | 45/100 [00:52<01:01,  1.13s/it]
 46%|████▌     | 46/100 [00:53<01:00,  1.13s/it]
 47%|████▋     | 47/100 [00:54<00:59,  1.12s/it]
 48%|████▊     | 48/100 [00:55<00:58,  1.12s/it]
 49%|████▉     | 49/100 [00:57<00:57,  1.12s/it]
 50%|█████     | 50/100 [00:58<00:56,  1.12s/it]
 51%|█████     | 51/100 [00:59<00:54,  1.12s/it]
 52%|█████▏    | 52/100 [01:00<00:53,  1.12s/it]
 53%|█████▎    | 53/100 [01:01<00:52,  1.12s/it]
 54%|█████▍    | 54/100 [01:02<00:51,  1.12s/it]
 55%|█████▌    | 55/100 [01:03<00:50,  1.12s/it]
 56%|█████▌    | 56/100 [01:04<00:49,  1.12s/it]
 57%|█████▋    | 57/100 [01:05<00:47,  1.11s/it]
 58%|█████▊    | 58/100 [01:07<00:46,  1.11s/it]
 59%|█████▉    | 59/100 [01:08<00:45,  1.11s/it]
 60%|██████    | 60/100 [01:09<00:44,  1.11s/it]
 61%|██████    | 61/100 [01:10<00:43,  1.10s/it]
 62%|██████▏   | 62/100 [01:11<00:41,  1.10s/it]
 63%|██████▎   | 63/100 [01:12<00:40,  1.10s/it]
 64%|██████▍   | 64/100 [01:13<00:39,  1.10s/it]
 65%|██████▌   | 65/100 [01:14<00:38,  1.10s/it]
 66%|██████▌   | 66/100 [01:15<00:37,  1.10s/it]
 67%|██████▋   | 67/100 [01:16<00:36,  1.10s/it]
 68%|██████▊   | 68/100 [01:18<00:35,  1.10s/it]
 69%|██████▉   | 69/100 [01:19<00:34,  1.10s/it]
 70%|███████   | 70/100 [01:20<00:33,  1.10s/it]
 71%|███████   | 71/100 [01:21<00:31,  1.10s/it]
 72%|███████▏  | 72/100 [01:22<00:30,  1.10s/it]
 73%|███████▎  | 73/100 [01:23<00:29,  1.10s/it]
 74%|███████▍  | 74/100 [01:24<00:28,  1.10s/it]
 75%|███████▌  | 75/100 [01:25<00:27,  1.10s/it]
 76%|███████▌  | 76/100 [01:26<00:26,  1.10s/it]
 77%|███████▋  | 77/100 [01:27<00:25,  1.10s/it]
 78%|███████▊  | 78/100 [01:29<00:24,  1.10s/it]
 79%|███████▉  | 79/100 [01:30<00:23,  1.10s/it]
 80%|████████  | 80/100 [01:31<00:22,  1.10s/it]
 81%|████████  | 81/100 [01:32<00:20,  1.10s/it]
 82%|████████▏ | 82/100 [01:33<00:19,  1.10s/it]
 83%|████████▎ | 83/100 [01:34<00:18,  1.10s/it]
 84%|████████▍ | 84/100 [01:35<00:17,  1.10s/it]
 85%|████████▌ | 85/100 [01:36<00:16,  1.10s/it]
 86%|████████▌ | 86/100 [01:37<00:15,  1.10s/it]
 87%|████████▋ | 87/100 [01:38<00:14,  1.10s/it]
 88%|████████▊ | 88/100 [01:40<00:13,  1.10s/it]
 89%|████████▉ | 89/100 [01:41<00:12,  1.10s/it]
 90%|█████████ | 90/100 [01:42<00:11,  1.10s/it]
 91%|█████████ | 91/100 [01:43<00:09,  1.10s/it]
 92%|█████████▏| 92/100 [01:44<00:08,  1.10s/it]
 93%|█████████▎| 93/100 [01:45<00:07,  1.10s/it]
 94%|█████████▍| 94/100 [01:46<00:06,  1.10s/it]
 95%|█████████▌| 95/100 [01:47<00:05,  1.10s/it]
 96%|█████████▌| 96/100 [01:48<00:04,  1.10s/it]
 97%|█████████▋| 97/100 [01:49<00:03,  1.10s/it]
 98%|█████████▊| 98/100 [01:51<00:02,  1.10s/it]
 99%|█████████▉| 99/100 [01:52<00:01,  1.11s/it]
100%|██████████| 100/100 [01:53<00:00,  1.11s/it]
100%|██████████| 100/100 [01:53<00:00,  1.13s/it]
Average VOI segneuro2D = 0.9829
Average VOI SAM = 1.1604
####################
NUM_NEURONS=3,NUM_SAMPLES=1

  0%|          | 0/100 [00:00<?, ?it/s]
  1%|          | 1/100 [00:02<04:55,  2.99s/it]
  2%|▏         | 2/100 [00:04<03:40,  2.25s/it]
  3%|▎         | 3/100 [00:05<02:53,  1.79s/it]
  4%|▍         | 4/100 [00:07<02:31,  1.58s/it]
  5%|▌         | 5/100 [00:08<02:18,  1.46s/it]
  6%|▌         | 6/100 [00:09<02:10,  1.39s/it]
  7%|▋         | 7/100 [00:10<02:05,  1.34s/it]
  8%|▊         | 8/100 [00:12<02:00,  1.31s/it]
  9%|▉         | 9/100 [00:13<01:57,  1.29s/it]
 10%|█         | 10/100 [00:14<01:55,  1.28s/it]
 11%|█         | 11/100 [00:15<01:53,  1.27s/it]
 12%|█▏        | 12/100 [00:17<01:51,  1.27s/it]
 13%|█▎        | 13/100 [00:18<01:50,  1.27s/it]
 14%|█▍        | 14/100 [00:19<01:48,  1.26s/it]
 15%|█▌        | 15/100 [00:20<01:46,  1.26s/it]
 16%|█▌        | 16/100 [00:22<01:45,  1.26s/it]
 17%|█▋        | 17/100 [00:23<01:44,  1.26s/it]
 18%|█▊        | 18/100 [00:24<01:42,  1.25s/it]
 19%|█▉        | 19/100 [00:25<01:41,  1.25s/it]
 20%|██        | 20/100 [00:27<01:40,  1.25s/it]
 21%|██        | 21/100 [00:28<01:38,  1.25s/it]
 22%|██▏       | 22/100 [00:29<01:37,  1.25s/it]
 23%|██▎       | 23/100 [00:31<01:36,  1.25s/it]
 24%|██▍       | 24/100 [00:32<01:35,  1.25s/it]
 25%|██▌       | 25/100 [00:33<01:33,  1.25s/it]
 26%|██▌       | 26/100 [00:34<01:32,  1.25s/it]
 27%|██▋       | 27/100 [00:36<01:31,  1.26s/it]
 28%|██▊       | 28/100 [00:37<01:30,  1.26s/it]
 29%|██▉       | 29/100 [00:38<01:29,  1.27s/it]
 30%|███       | 30/100 [00:39<01:28,  1.26s/it]
 31%|███       | 31/100 [00:41<01:27,  1.27s/it]
 32%|███▏      | 32/100 [00:42<01:26,  1.27s/it]
 33%|███▎      | 33/100 [00:43<01:24,  1.27s/it]
 34%|███▍      | 34/100 [00:44<01:23,  1.27s/it]
 35%|███▌      | 35/100 [00:46<01:22,  1.27s/it]
 36%|███▌      | 36/100 [00:47<01:21,  1.27s/it]
 37%|███▋      | 37/100 [00:48<01:19,  1.27s/it]
 38%|███▊      | 38/100 [00:50<01:18,  1.27s/it]
 39%|███▉      | 39/100 [00:51<01:17,  1.27s/it]
 40%|████      | 40/100 [00:52<01:15,  1.27s/it]
 41%|████      | 41/100 [00:53<01:14,  1.27s/it]
 42%|████▏     | 42/100 [00:55<01:13,  1.27s/it]
 43%|████▎     | 43/100 [00:56<01:12,  1.27s/it]
 44%|████▍     | 44/100 [00:57<01:11,  1.27s/it]
 45%|████▌     | 45/100 [00:58<01:09,  1.26s/it]
 46%|████▌     | 46/100 [01:00<01:08,  1.26s/it]
 47%|████▋     | 47/100 [01:01<01:07,  1.27s/it]
 48%|████▊     | 48/100 [01:02<01:06,  1.27s/it]
 49%|████▉     | 49/100 [01:03<01:04,  1.27s/it]
 50%|█████     | 50/100 [01:05<01:03,  1.28s/it]
 51%|█████     | 51/100 [01:06<01:02,  1.27s/it]
 52%|█████▏    | 52/100 [01:07<01:01,  1.27s/it]
 53%|█████▎    | 53/100 [01:09<01:00,  1.28s/it]
 54%|█████▍    | 54/100 [01:10<00:58,  1.28s/it]
 55%|█████▌    | 55/100 [01:11<00:57,  1.27s/it]
 56%|█████▌    | 56/100 [01:12<00:56,  1.28s/it]
 57%|█████▋    | 57/100 [01:14<00:55,  1.28s/it]
 58%|█████▊    | 58/100 [01:15<00:53,  1.27s/it]
 59%|█████▉    | 59/100 [01:16<00:52,  1.28s/it]
 60%|██████    | 60/100 [01:18<00:51,  1.28s/it]
 61%|██████    | 61/100 [01:19<00:49,  1.28s/it]
 62%|██████▏   | 62/100 [01:20<00:48,  1.29s/it]
 63%|██████▎   | 63/100 [01:21<00:47,  1.29s/it]
 64%|██████▍   | 64/100 [01:23<00:46,  1.28s/it]
 65%|██████▌   | 65/100 [01:24<00:44,  1.28s/it]
 66%|██████▌   | 66/100 [01:25<00:43,  1.28s/it]
 67%|██████▋   | 67/100 [01:27<00:42,  1.28s/it]
 68%|██████▊   | 68/100 [01:28<00:40,  1.28s/it]
 69%|██████▉   | 69/100 [01:29<00:39,  1.28s/it]
 70%|███████   | 70/100 [01:30<00:38,  1.28s/it]
 71%|███████   | 71/100 [01:32<00:37,  1.28s/it]
 72%|███████▏  | 72/100 [01:33<00:35,  1.28s/it]
 73%|███████▎  | 73/100 [01:34<00:34,  1.28s/it]
 74%|███████▍  | 74/100 [01:35<00:33,  1.28s/it]
 75%|███████▌  | 75/100 [01:37<00:32,  1.29s/it]
 76%|███████▌  | 76/100 [01:38<00:30,  1.29s/it]
 77%|███████▋  | 77/100 [01:39<00:29,  1.28s/it]
 78%|███████▊  | 78/100 [01:41<00:28,  1.28s/it]
 79%|███████▉  | 79/100 [01:42<00:26,  1.28s/it]
 80%|████████  | 80/100 [01:43<00:25,  1.28s/it]
 81%|████████  | 81/100 [01:44<00:24,  1.28s/it]
 82%|████████▏ | 82/100 [01:46<00:23,  1.28s/it]
 83%|████████▎ | 83/100 [01:47<00:21,  1.28s/it]
 84%|████████▍ | 84/100 [01:48<00:20,  1.29s/it]
 85%|████████▌ | 85/100 [01:50<00:19,  1.29s/it]
 86%|████████▌ | 86/100 [01:51<00:18,  1.29s/it]
 87%|████████▋ | 87/100 [01:52<00:16,  1.29s/it]
 88%|████████▊ | 88/100 [01:53<00:15,  1.29s/it]
 89%|████████▉ | 89/100 [01:55<00:14,  1.29s/it]
 90%|█████████ | 90/100 [01:56<00:12,  1.29s/it]
 91%|█████████ | 91/100 [01:57<00:11,  1.28s/it]
 92%|█████████▏| 92/100 [01:59<00:10,  1.28s/it]
 93%|█████████▎| 93/100 [02:00<00:09,  1.29s/it]
 94%|█████████▍| 94/100 [02:01<00:07,  1.28s/it]
 95%|█████████▌| 95/100 [02:02<00:06,  1.29s/it]
 96%|█████████▌| 96/100 [02:04<00:05,  1.29s/it]
 97%|█████████▋| 97/100 [02:05<00:03,  1.28s/it]
 98%|█████████▊| 98/100 [02:06<00:02,  1.28s/it]
 99%|█████████▉| 99/100 [02:08<00:01,  1.29s/it]
100%|██████████| 100/100 [02:09<00:00,  1.28s/it]
100%|██████████| 100/100 [02:09<00:00,  1.29s/it]
Average VOI segneuro2D = 1.2258
Average VOI SAM = 1.5825
####################
NUM_NEURONS=4,NUM_SAMPLES=1

  0%|          | 0/100 [00:00<?, ?it/s]
  1%|          | 1/100 [00:03<05:15,  3.19s/it]
  2%|▏         | 2/100 [00:04<03:30,  2.15s/it]
  3%|▎         | 3/100 [00:06<02:55,  1.81s/it]
  4%|▍         | 4/100 [00:07<02:38,  1.66s/it]
  5%|▌         | 5/100 [00:08<02:28,  1.57s/it]
  6%|▌         | 6/100 [00:10<02:22,  1.51s/it]
  7%|▋         | 7/100 [00:11<02:17,  1.48s/it]
  8%|▊         | 8/100 [00:13<02:14,  1.46s/it]
  9%|▉         | 9/100 [00:14<02:11,  1.45s/it]
 10%|█         | 10/100 [00:15<02:09,  1.44s/it]
 11%|█         | 11/100 [00:17<02:07,  1.43s/it]
 12%|█▏        | 12/100 [00:18<02:05,  1.42s/it]
 13%|█▎        | 13/100 [00:20<02:03,  1.42s/it]
 14%|█▍        | 14/100 [00:21<02:01,  1.42s/it]
 15%|█▌        | 15/100 [00:22<02:00,  1.42s/it]
 16%|█▌        | 16/100 [00:24<01:58,  1.41s/it]
 17%|█▋        | 17/100 [00:25<01:57,  1.41s/it]
 18%|█▊        | 18/100 [00:27<01:55,  1.41s/it]
 19%|█▉        | 19/100 [00:28<01:54,  1.42s/it]
 20%|██        | 20/100 [00:30<01:53,  1.42s/it]
 21%|██        | 21/100 [00:31<01:51,  1.42s/it]
 22%|██▏       | 22/100 [00:32<01:50,  1.42s/it]
 23%|██▎       | 23/100 [00:34<01:49,  1.42s/it]
 24%|██▍       | 24/100 [00:35<01:47,  1.42s/it]
 25%|██▌       | 25/100 [00:37<01:46,  1.42s/it]
 26%|██▌       | 26/100 [00:38<01:45,  1.42s/it]
 27%|██▋       | 27/100 [00:39<01:43,  1.42s/it]
 28%|██▊       | 28/100 [00:41<01:42,  1.42s/it]
 29%|██▉       | 29/100 [00:42<01:40,  1.42s/it]
 30%|███       | 30/100 [00:44<01:39,  1.42s/it]
 31%|███       | 31/100 [00:45<01:38,  1.42s/it]
 32%|███▏      | 32/100 [00:47<01:37,  1.43s/it]
 33%|███▎      | 33/100 [00:48<01:36,  1.44s/it]
 34%|███▍      | 34/100 [00:50<01:35,  1.44s/it]
 35%|███▌      | 35/100 [00:51<01:34,  1.45s/it]
 36%|███▌      | 36/100 [00:52<01:32,  1.45s/it]
 37%|███▋      | 37/100 [00:54<01:31,  1.44s/it]
 38%|███▊      | 38/100 [00:55<01:29,  1.44s/it]
 39%|███▉      | 39/100 [00:57<01:28,  1.44s/it]
 40%|████      | 40/100 [00:58<01:26,  1.45s/it]
 41%|████      | 41/100 [01:00<01:25,  1.45s/it]
 42%|████▏     | 42/100 [01:01<01:24,  1.45s/it]
 43%|████▎     | 43/100 [01:03<01:23,  1.46s/it]
 44%|████▍     | 44/100 [01:04<01:22,  1.46s/it]
 45%|████▌     | 45/100 [01:06<01:20,  1.46s/it]
 46%|████▌     | 46/100 [01:07<01:18,  1.46s/it]
 47%|████▋     | 47/100 [01:08<01:17,  1.45s/it]
 48%|████▊     | 48/100 [01:10<01:15,  1.45s/it]
 49%|████▉     | 49/100 [01:11<01:13,  1.45s/it]
 50%|█████     | 50/100 [01:13<01:12,  1.45s/it]
 51%|█████     | 51/100 [01:14<01:11,  1.45s/it]
 52%|█████▏    | 52/100 [01:16<01:09,  1.45s/it]
 53%|█████▎    | 53/100 [01:17<01:07,  1.44s/it]
 54%|█████▍    | 54/100 [01:19<01:06,  1.44s/it]
 55%|█████▌    | 55/100 [01:20<01:05,  1.45s/it]
 56%|█████▌    | 56/100 [01:21<01:03,  1.44s/it]
 57%|█████▋    | 57/100 [01:23<01:02,  1.44s/it]
 58%|█████▊    | 58/100 [01:24<01:00,  1.44s/it]
 59%|█████▉    | 59/100 [01:26<00:58,  1.44s/it]
 60%|██████    | 60/100 [01:27<00:57,  1.44s/it]
 61%|██████    | 61/100 [01:29<00:56,  1.45s/it]
 62%|██████▏   | 62/100 [01:30<00:54,  1.45s/it]
 63%|██████▎   | 63/100 [01:32<00:53,  1.44s/it]
 64%|██████▍   | 64/100 [01:33<00:51,  1.44s/it]
 65%|██████▌   | 65/100 [01:34<00:50,  1.44s/it]
 66%|██████▌   | 66/100 [01:36<00:49,  1.44s/it]
 67%|██████▋   | 67/100 [01:37<00:47,  1.45s/it]
 68%|██████▊   | 68/100 [01:39<00:46,  1.45s/it]
 69%|██████▉   | 69/100 [01:40<00:44,  1.44s/it]
 70%|███████   | 70/100 [01:42<00:43,  1.44s/it]
 71%|███████   | 71/100 [01:43<00:41,  1.44s/it]
 72%|███████▏  | 72/100 [01:45<00:40,  1.45s/it]
 73%|███████▎  | 73/100 [01:46<00:39,  1.45s/it]
 74%|███████▍  | 74/100 [01:47<00:37,  1.44s/it]
 75%|███████▌  | 75/100 [01:49<00:35,  1.44s/it]
 76%|███████▌  | 76/100 [01:50<00:34,  1.45s/it]
 77%|███████▋  | 77/100 [01:52<00:33,  1.45s/it]
 78%|███████▊  | 78/100 [01:53<00:31,  1.45s/it]
 79%|███████▉  | 79/100 [01:55<00:30,  1.45s/it]
 80%|████████  | 80/100 [01:56<00:28,  1.45s/it]
 81%|████████  | 81/100 [01:58<00:27,  1.45s/it]
 82%|████████▏ | 82/100 [01:59<00:26,  1.45s/it]
 83%|████████▎ | 83/100 [02:00<00:24,  1.46s/it]
 84%|████████▍ | 84/100 [02:02<00:23,  1.46s/it]
 85%|████████▌ | 85/100 [02:03<00:21,  1.46s/it]
 86%|████████▌ | 86/100 [02:05<00:20,  1.47s/it]
 87%|████████▋ | 87/100 [02:06<00:18,  1.46s/it]
 88%|████████▊ | 88/100 [02:08<00:17,  1.45s/it]
 89%|████████▉ | 89/100 [02:09<00:16,  1.46s/it]
 90%|█████████ | 90/100 [02:11<00:14,  1.46s/it]
 91%|█████████ | 91/100 [02:12<00:13,  1.46s/it]
 92%|█████████▏| 92/100 [02:14<00:11,  1.45s/it]
 93%|█████████▎| 93/100 [02:15<00:10,  1.46s/it]
 94%|█████████▍| 94/100 [02:17<00:08,  1.46s/it]
 95%|█████████▌| 95/100 [02:18<00:07,  1.46s/it]
 96%|█████████▌| 96/100 [02:19<00:05,  1.46s/it]
 97%|█████████▋| 97/100 [02:21<00:04,  1.45s/it]
 98%|█████████▊| 98/100 [02:22<00:02,  1.45s/it]
 99%|█████████▉| 99/100 [02:24<00:01,  1.46s/it]
100%|██████████| 100/100 [02:25<00:00,  1.46s/it]
100%|██████████| 100/100 [02:25<00:00,  1.46s/it]
Average VOI segneuro2D = 1.4093
Average VOI SAM = 1.9891
####################
NUM_NEURONS=5,NUM_SAMPLES=1

  0%|          | 0/100 [00:00<?, ?it/s]
  1%|          | 1/100 [00:03<05:44,  3.48s/it]
  2%|▏         | 2/100 [00:05<03:51,  2.36s/it]
  3%|▎         | 3/100 [00:06<03:15,  2.01s/it]
  4%|▍         | 4/100 [00:08<02:57,  1.85s/it]
  5%|▌         | 5/100 [00:09<02:47,  1.76s/it]
  6%|▌         | 6/100 [00:11<02:40,  1.71s/it]
  7%|▋         | 7/100 [00:13<02:35,  1.68s/it]
  8%|▊         | 8/100 [00:14<02:32,  1.66s/it]
  9%|▉         | 9/100 [00:16<02:29,  1.64s/it]
 10%|█         | 10/100 [00:17<02:26,  1.63s/it]
 11%|█         | 11/100 [00:19<02:24,  1.62s/it]
 12%|█▏        | 12/100 [00:21<02:22,  1.62s/it]
 13%|█▎        | 13/100 [00:22<02:21,  1.62s/it]
 14%|█▍        | 14/100 [00:24<02:19,  1.62s/it]
 15%|█▌        | 15/100 [00:25<02:17,  1.62s/it]
 16%|█▌        | 16/100 [00:27<02:15,  1.62s/it]
 17%|█▋        | 17/100 [00:29<02:14,  1.62s/it]
 18%|█▊        | 18/100 [00:30<02:11,  1.61s/it]
 19%|█▉        | 19/100 [00:32<02:10,  1.61s/it]
 20%|██        | 20/100 [00:34<02:08,  1.61s/it]
 21%|██        | 21/100 [00:35<02:07,  1.61s/it]
 22%|██▏       | 22/100 [00:37<02:05,  1.61s/it]
 23%|██▎       | 23/100 [00:38<02:03,  1.61s/it]
 24%|██▍       | 24/100 [00:40<02:02,  1.61s/it]
 25%|██▌       | 25/100 [00:42<02:00,  1.61s/it]
 26%|██▌       | 26/100 [00:43<01:58,  1.61s/it]
 27%|██▋       | 27/100 [00:45<01:57,  1.61s/it]
 28%|██▊       | 28/100 [00:46<01:55,  1.61s/it]
 29%|██▉       | 29/100 [00:48<01:54,  1.61s/it]
 30%|███       | 30/100 [00:50<01:57,  1.68s/it]
 31%|███       | 31/100 [00:51<01:53,  1.65s/it]
 32%|███▏      | 32/100 [00:53<01:51,  1.64s/it]
 33%|███▎      | 33/100 [00:55<01:49,  1.63s/it]
 34%|███▍      | 34/100 [00:56<01:47,  1.62s/it]
 35%|███▌      | 35/100 [00:58<01:44,  1.61s/it]
 36%|███▌      | 36/100 [00:59<01:42,  1.61s/it]
 37%|███▋      | 37/100 [01:01<01:41,  1.60s/it]
 38%|███▊      | 38/100 [01:03<01:39,  1.61s/it]
 39%|███▉      | 39/100 [01:04<01:38,  1.61s/it]
 40%|████      | 40/100 [01:06<01:36,  1.61s/it]
 41%|████      | 41/100 [01:07<01:35,  1.61s/it]
 42%|████▏     | 42/100 [01:09<01:33,  1.61s/it]
 43%|████▎     | 43/100 [01:11<01:31,  1.61s/it]
 44%|████▍     | 44/100 [01:12<01:30,  1.61s/it]
 45%|████▌     | 45/100 [01:14<01:28,  1.61s/it]
 46%|████▌     | 46/100 [01:16<01:26,  1.61s/it]
 47%|████▋     | 47/100 [01:17<01:25,  1.61s/it]
 48%|████▊     | 48/100 [01:19<01:23,  1.61s/it]
 49%|████▉     | 49/100 [01:20<01:21,  1.59s/it]
 50%|█████     | 50/100 [01:22<01:19,  1.58s/it]
 51%|█████     | 51/100 [01:23<01:17,  1.58s/it]
 52%|█████▏    | 52/100 [01:25<01:15,  1.58s/it]
 53%|█████▎    | 53/100 [01:27<01:13,  1.57s/it]
 54%|█████▍    | 54/100 [01:28<01:12,  1.57s/it]
 55%|█████▌    | 55/100 [01:30<01:10,  1.56s/it]
 56%|█████▌    | 56/100 [01:31<01:08,  1.56s/it]
 57%|█████▋    | 57/100 [01:33<01:07,  1.57s/it]
 58%|█████▊    | 58/100 [01:34<01:05,  1.56s/it]
 59%|█████▉    | 59/100 [01:36<01:04,  1.56s/it]
 60%|██████    | 60/100 [01:37<01:02,  1.56s/it]
 61%|██████    | 61/100 [01:39<01:00,  1.56s/it]
 62%|██████▏   | 62/100 [01:41<00:59,  1.56s/it]
 63%|██████▎   | 63/100 [01:42<00:57,  1.56s/it]
 64%|██████▍   | 64/100 [01:44<00:56,  1.56s/it]
 65%|██████▌   | 65/100 [01:45<00:54,  1.56s/it]
 66%|██████▌   | 66/100 [01:47<00:53,  1.56s/it]
 67%|██████▋   | 67/100 [01:48<00:51,  1.56s/it]
 68%|██████▊   | 68/100 [01:50<00:50,  1.56s/it]
 69%|██████▉   | 69/100 [01:52<00:48,  1.57s/it]
 70%|███████   | 70/100 [01:53<00:47,  1.57s/it]
 71%|███████   | 71/100 [01:55<00:45,  1.57s/it]
 72%|███████▏  | 72/100 [01:56<00:43,  1.57s/it]
 73%|███████▎  | 73/100 [01:58<00:42,  1.57s/it]
 74%|███████▍  | 74/100 [01:59<00:40,  1.57s/it]
 75%|███████▌  | 75/100 [02:01<00:39,  1.56s/it]
 76%|███████▌  | 76/100 [02:03<00:37,  1.56s/it]
 77%|███████▋  | 77/100 [02:04<00:36,  1.58s/it]
 78%|███████▊  | 78/100 [02:06<00:34,  1.59s/it]
 79%|███████▉  | 79/100 [02:07<00:33,  1.59s/it]
 80%|████████  | 80/100 [02:09<00:31,  1.59s/it]
 81%|████████  | 81/100 [02:11<00:30,  1.59s/it]
 82%|████████▏ | 82/100 [02:12<00:28,  1.60s/it]
 83%|████████▎ | 83/100 [02:14<00:27,  1.60s/it]
 84%|████████▍ | 84/100 [02:15<00:25,  1.59s/it]
 85%|████████▌ | 85/100 [02:17<00:23,  1.59s/it]
 86%|████████▌ | 86/100 [02:18<00:22,  1.58s/it]
 87%|████████▋ | 87/100 [02:20<00:20,  1.58s/it]
 88%|████████▊ | 88/100 [02:22<00:18,  1.58s/it]
 89%|████████▉ | 89/100 [02:23<00:17,  1.58s/it]
 90%|█████████ | 90/100 [02:25<00:15,  1.58s/it]
 91%|█████████ | 91/100 [02:26<00:14,  1.59s/it]
 92%|█████████▏| 92/100 [02:28<00:12,  1.59s/it]
 93%|█████████▎| 93/100 [02:30<00:11,  1.59s/it]
 94%|█████████▍| 94/100 [02:31<00:09,  1.59s/it]
 95%|█████████▌| 95/100 [02:33<00:07,  1.59s/it]
 96%|█████████▌| 96/100 [02:34<00:06,  1.59s/it]
 97%|█████████▋| 97/100 [02:36<00:04,  1.60s/it]
 98%|█████████▊| 98/100 [02:38<00:03,  1.60s/it]
 99%|█████████▉| 99/100 [02:39<00:01,  1.60s/it]
100%|██████████| 100/100 [02:41<00:00,  1.60s/it]
100%|██████████| 100/100 [02:41<00:00,  1.61s/it]
Average VOI segneuro2D = 1.6298
Average VOI SAM = 2.2882